MPASM 5.70                   BCD_ADAPTER.ASM   12-19-2016  17:18:15         PAGE  1


LOC  OBJECT CODE     LINE SOURCE TEXT
  VALUE

                      00001  LIST           P=PIC16F877
                      00002 #include <P16f877.inc>
                      00001         LIST
                      00002 
                      00003 ;==========================================================================
                      00004 ; Build date : Sep 13 2016
                      00005 ;  MPASM PIC16F877 processor include
                      00006 ; 
                      00007 ;  (c) Copyright 1999-2016 Microchip Technology, All rights reserved
                      00008 ;==========================================================================
                      00009 
                      00541         LIST
                      00003     
                      00004 BCDI CODE 0X60  
0060                  00005 BCD.3:                         ;Timer=0x41                                
                      00006                              ;d1=0x50
0060                  00007 Init.Func.BCD.3:               ;d2=0x51
                      00008                              ;d3=0x52
0060   300A           00009     MOVLW 0x0A               ;BCD={d3,d2,d1}
0061   00C0           00010     MOVWF 0x40
                      00011     
0062   0849           00012     MOVFW 0x49
0063   00C1           00013     MOVWF 0x41
                      00014     
0064   3003           00015     MOVLW 0x03
0065   00C8           00016     MOVWF 0x48
                      00017 
0066   3050           00018     MOVLW 0x50
0067   0084           00019     MOVWF FSR
                      00020 
0068                  00021 DigitLoop.3:
                      00022     
0068   2???           00023     CALL Hiluk
                      00024     
0069   0843           00025     MOVFW 0x43
006A   0080           00026     MOVWF INDF
                      00027     
Message[305]: Using default destination of 1 (file).
006B   0A84           00028     INCF FSR
                      00029     
006C   0842           00030     MOVFW 0X42
006D   00C1           00031     MOVWF 0X41
                      00032     
006E   0BC8           00033     DECFSZ 0X48,F
006F   2???           00034     GOTO DigitLoop.3
                      00035    
0070   0008           00036     RETURN
  0000                00037  GLOBAL BCD.3
                      00038 
                      00039  
0071                  00040 BCD.2:
                      00041                         ;Timer=0x41                                
                      00042                              ;d1=0x50
MPASM 5.70                   BCD_ADAPTER.ASM   12-19-2016  17:18:15         PAGE  2


LOC  OBJECT CODE     LINE SOURCE TEXT
  VALUE

0071                  00043 Init.Func.BCD.2:               ;d2=0x51
                      00044                              ;d3=0x52
0071   300A           00045     MOVLW 0x0A               ;BCD={d3,d2,d1}
0072   00C0           00046     MOVWF 0x40
                      00047     
0073   0849           00048     MOVFW 0x49
0074   00C1           00049     MOVWF 0x41
                      00050     
0075   3002           00051     MOVLW 0x02
0076   00C8           00052     MOVWF 0x48
                      00053 
0077   3050           00054     MOVLW 0x50
0078   0084           00055     MOVWF FSR
                      00056 
0079                  00057 DigitLoop.2:
                      00058     
0079   2???           00059     CALL Hiluk
                      00060     
007A   0843           00061     MOVFW 0x43
007B   0080           00062     MOVWF INDF
                      00063     
Message[305]: Using default destination of 1 (file).
007C   0A84           00064     INCF FSR
                      00065     
007D   0842           00066     MOVFW 0X42
007E   00C1           00067     MOVWF 0X41
                      00068     
007F   0BC8           00069     DECFSZ 0X48,F
0080   2???           00070     GOTO DigitLoop.2
                      00071    
0081   0008           00072     RETURN   
                      00073  
0082                  00074 Hiluk:                    ;R=0X43 ,Q=0X42
                      00075     
0082                  00076 PreCheckH:
                      00077     
0082   3000           00078     MOVLW 0X00
                      00079     
0083   1103           00080     bcf STATUS,2
                      00081     
0084   0441           00082     iorwf 0x41,W
0085   1903           00083     btfsc STATUS,2
0086   2???           00084     goto ZeroDivWithNum
                      00085     
0087   3000           00086     MOVLW 0X00
                      00087     
0088   0440           00088     iorwf 0x40,W
0089   1903           00089     btfsc STATUS,2
008A   2???           00090     goto CantDivByZero
                      00091 
008B                  00092 BuilderH:
                      00093     
008B   01C3           00094     clrf 0x43
MPASM 5.70                   BCD_ADAPTER.ASM   12-19-2016  17:18:15         PAGE  3


LOC  OBJECT CODE     LINE SOURCE TEXT
  VALUE

008C   1103           00095     bcf STATUS,2
                      00096     
008D   0841           00097     movfw 0x41
008E   00C2           00098     movwf 0x42
                      00099     
008F   0103           00100     clrw 
0090   3008           00101     MOVLW 0x08
0091   00C1           00102     movwf 0x41
                      00103     
0092                  00104 LoopHiluk:
                      00105     
0092   1003           00106     bcf STATUS,0
0093   0DC2           00107     rlf 0x42,1
0094   0DC3           00108     rlf 0x43,1
                      00109     
0095   0840           00110     movfw 0x40
0096   0243           00111     subwf 0x43,0
                      00112     
0097   1C03           00113     btfss STATUS,0
0098   2???           00114     goto MbigerBNo    
0099   2???           00115     goto MbigerBYes
                      00116     
009A                  00117 MbigerBYes:
009A   00C3           00118     movwf 0x43
009B   1442           00119     bsf 0x42,0
                      00120     
009C                  00121 MbigerBNo:
009C   0BC1           00122     decfsz 0x41,F
009D   2???           00123     goto LoopHiluk
                      00124 
009E   0008           00125     RETURN           ;END OF HILUK 
                      00126 
009F                  00127 ZeroDivWithNum:
009F   01C3           00128  clrf 0x43
00A0   01C2           00129  clrf 0x42   
                      00130     
00A1   0008           00131     RETURN           ;END HILUK Q=0X42=0,R=0X43=0
                      00132     
00A2                  00133 CantDivByZero:       ;Print on Lcd Err:"DivBy0"
                      00134                      ;will never be used 
                      00135                      ;--->0x40=10(constent)
                      00136 
                      00137                      
                      00138 
                      00139     END
MPASM 5.70                   BCD_ADAPTER.ASM   12-19-2016  17:18:15         PAGE  4


SYMBOL TABLE
  LABEL                             VALUE 

ACKDT                             00000005
ACKEN                             00000004
ACKSTAT                           00000006
ADCON0                            0000001F
ADCON1                            0000009F
ADCS0                             00000006
ADCS1                             00000007
ADDEN                             00000003
ADFM                              00000007
ADIE                              00000006
ADIF                              00000006
ADON                              00000000
ADRESH                            0000001E
ADRESL                            0000009E
BCD.2                             00000071
BCD.3                             00000060
BCLIE                             00000003
BCLIF                             00000003
BF                                00000000
BRGH                              00000002
BuilderH                          0000008B
C                                 00000000
CCP1CON                           00000017
CCP1IE                            00000002
CCP1IF                            00000002
CCP1M0                            00000000
CCP1M1                            00000001
CCP1M2                            00000002
CCP1M3                            00000003
CCP1X                             00000005
CCP1Y                             00000004
CCP2CON                           0000001D
CCP2IE                            00000000
CCP2IF                            00000000
CCP2M0                            00000000
CCP2M1                            00000001
CCP2M2                            00000002
CCP2M3                            00000003
CCP2X                             00000005
CCP2Y                             00000004
CCPR1                             00000015
CCPR1H                            00000016
CCPR1L                            00000015
CCPR2                             0000001B
CCPR2H                            0000001C
CCPR2L                            0000001B
CHS0                              00000003
CHS1                              00000004
CHS2                              00000005
CKE                               00000006
CKP                               00000004
CREN                              00000004
CSRC                              00000007
MPASM 5.70                   BCD_ADAPTER.ASM   12-19-2016  17:18:15         PAGE  5


SYMBOL TABLE
  LABEL                             VALUE 

CantDivByZero                     000000A2
D                                 00000005
DATA_ADDRESS                      00000005
DC                                00000001
D_A                               00000005
D_NOT_A                           00000005
DigitLoop.2                       00000079
DigitLoop.3                       00000068
EEADR                             0000010D
EEADRH                            0000010F
EECON1                            0000018C
EECON2                            0000018D
EEDATA                            0000010C
EEDATH                            0000010E
EEIE                              00000004
EEIF                              00000004
EEPGD                             00000007
F                                 00000001
FERR                              00000002
FSR                               00000004
GCEN                              00000007
GIE                               00000007
GO                                00000002
GO_DONE                           00000002
GO_NOT_DONE                       00000002
Hiluk                             00000082
I2C_DATA                          00000005
I2C_READ                          00000002
I2C_START                         00000003
I2C_STOP                          00000004
IBF                               00000007
IBOV                              00000005
INDF                              00000000
INTCON                            0000000B
INTE                              00000004
INTEDG                            00000006
INTF                              00000001
IRP                               00000007
Init.Func.BCD.2                   00000071
Init.Func.BCD.3                   00000060
LoopHiluk                         00000092
MbigerBNo                         0000009C
MbigerBYes                        0000009A
NOT_A                             00000005
NOT_ADDRESS                       00000005
NOT_BO                            00000000
NOT_BOR                           00000000
NOT_DONE                          00000002
NOT_PD                            00000003
NOT_POR                           00000001
NOT_RBPU                          00000007
NOT_RC8                           00000006
NOT_T1SYNC                        00000002
MPASM 5.70                   BCD_ADAPTER.ASM   12-19-2016  17:18:15         PAGE  6


SYMBOL TABLE
  LABEL                             VALUE 

NOT_TO                            00000004
NOT_TX8                           00000006
NOT_W                             00000002
NOT_WRITE                         00000002
OBF                               00000006
OERR                              00000001
OPTION_REG                        00000081
P                                 00000004
PCFG0                             00000000
PCFG1                             00000001
PCFG2                             00000002
PCFG3                             00000003
PCL                               00000002
PCLATH                            0000000A
PCON                              0000008E
PEIE                              00000006
PEN                               00000002
PIE1                              0000008C
PIE2                              0000008D
PIR1                              0000000C
PIR2                              0000000D
PORTA                             00000005
PORTB                             00000006
PORTC                             00000007
PORTD                             00000008
PORTE                             00000009
PR2                               00000092
PS0                               00000000
PS1                               00000001
PS2                               00000002
PSA                               00000003
PSPIE                             00000007
PSPIF                             00000007
PSPMODE                           00000004
PreCheckH                         00000082
R                                 00000002
RA0                               00000000
RA1                               00000001
RA2                               00000002
RA3                               00000003
RA4                               00000004
RA5                               00000005
RB0                               00000000
RB1                               00000001
RB2                               00000002
RB3                               00000003
RB4                               00000004
RB5                               00000005
RB6                               00000006
RB7                               00000007
RBIE                              00000003
RBIF                              00000000
RC0                               00000000
MPASM 5.70                   BCD_ADAPTER.ASM   12-19-2016  17:18:15         PAGE  7


SYMBOL TABLE
  LABEL                             VALUE 

RC1                               00000001
RC2                               00000002
RC3                               00000003
RC4                               00000004
RC5                               00000005
RC6                               00000006
RC7                               00000007
RC8_9                             00000006
RC9                               00000006
RCD8                              00000000
RCEN                              00000003
RCIE                              00000005
RCIF                              00000005
RCREG                             0000001A
RCSTA                             00000018
RD                                00000000
RD0                               00000000
RD1                               00000001
RD2                               00000002
RD3                               00000003
RD4                               00000004
RD5                               00000005
RD6                               00000006
RD7                               00000007
RE0                               00000000
RE1                               00000001
RE2                               00000002
READ_WRITE                        00000002
RP0                               00000005
RP1                               00000006
RSEN                              00000001
RX9                               00000006
RX9D                              00000000
R_NOT_W                           00000002
R_W                               00000002
S                                 00000003
SEN                               00000000
SMP                               00000007
SPBRG                             00000099
SPEN                              00000007
SREN                              00000005
SSPADD                            00000093
SSPBUF                            00000013
SSPCON                            00000014
SSPCON2                           00000091
SSPEN                             00000005
SSPIE                             00000003
SSPIF                             00000003
SSPM0                             00000000
SSPM1                             00000001
SSPM2                             00000002
SSPM3                             00000003
SSPOV                             00000006
MPASM 5.70                   BCD_ADAPTER.ASM   12-19-2016  17:18:15         PAGE  8


SYMBOL TABLE
  LABEL                             VALUE 

SSPSTAT                           00000094
STATUS                            00000003
SYNC                              00000004
T0CS                              00000005
T0IE                              00000005
T0IF                              00000002
T0SE                              00000004
T1CKPS0                           00000004
T1CKPS1                           00000005
T1CON                             00000010
T1INSYNC                          00000002
T1OSCEN                           00000003
T1SYNC                            00000002
T2CKPS0                           00000000
T2CKPS1                           00000001
T2CON                             00000012
TMR0                              00000001
TMR0IE                            00000005
TMR0IF                            00000002
TMR1                              0000000E
TMR1CS                            00000001
TMR1H                             0000000F
TMR1IE                            00000000
TMR1IF                            00000000
TMR1L                             0000000E
TMR1ON                            00000000
TMR2                              00000011
TMR2IE                            00000001
TMR2IF                            00000001
TMR2ON                            00000002
TOUTPS0                           00000003
TOUTPS1                           00000004
TOUTPS2                           00000005
TOUTPS3                           00000006
TRISA                             00000085
TRISA0                            00000000
TRISA1                            00000001
TRISA2                            00000002
TRISA3                            00000003
TRISA4                            00000004
TRISA5                            00000005
TRISB                             00000086
TRISB0                            00000000
TRISB1                            00000001
TRISB2                            00000002
TRISB3                            00000003
TRISB4                            00000004
TRISB5                            00000005
TRISB6                            00000006
TRISB7                            00000007
TRISC                             00000087
TRISC0                            00000000
TRISC1                            00000001
MPASM 5.70                   BCD_ADAPTER.ASM   12-19-2016  17:18:15         PAGE  9


SYMBOL TABLE
  LABEL                             VALUE 

TRISC2                            00000002
TRISC3                            00000003
TRISC4                            00000004
TRISC5                            00000005
TRISC6                            00000006
TRISC7                            00000007
TRISD                             00000088
TRISD0                            00000000
TRISD1                            00000001
TRISD2                            00000002
TRISD3                            00000003
TRISD4                            00000004
TRISD5                            00000005
TRISD6                            00000006
TRISD7                            00000007
TRISE                             00000089
TRISE0                            00000000
TRISE1                            00000001
TRISE2                            00000002
TRMT                              00000001
TX8_9                             00000006
TX9                               00000006
TX9D                              00000000
TXD8                              00000000
TXEN                              00000005
TXIE                              00000004
TXIF                              00000004
TXREG                             00000019
TXSTA                             00000098
UA                                00000001
W                                 00000000
WCOL                              00000007
WR                                00000001
WREN                              00000002
WRERR                             00000003
Z                                 00000002
ZeroDivWithNum                    0000009F
_BODEN_OFF                        00003FBF
_BODEN_ON                         00003FFF
_BOREN_OFF                        00003FBF
_BOREN_ON                         00003FFF
_CONFIG                           00002007
_CPD_OFF                          00003FFF
_CPD_ON                           00003EFF
_CP_ALL                           00000FCF
_CP_HALF                          00001FDF
_CP_OFF                           00003FFF
_CP_UPPER_256                     00002FEF
_DEBUG_OFF                        00003FFF
_DEBUG_ON                         000037FF
_DEVID1                           00002006
_FOSC_EXTRC                       00003FFF
_FOSC_HS                          00003FFE
MPASM 5.70                   BCD_ADAPTER.ASM   12-19-2016  17:18:15         PAGE 10


SYMBOL TABLE
  LABEL                             VALUE 

_FOSC_LP                          00003FFC
_FOSC_XT                          00003FFD
_HS_OSC                           00003FFE
_IDLOC0                           00002000
_IDLOC1                           00002001
_IDLOC2                           00002002
_IDLOC3                           00002003
_LP_OSC                           00003FFC
_LVP_OFF                          00003F7F
_LVP_ON                           00003FFF
_PWRTE_OFF                        00003FFF
_PWRTE_ON                         00003FF7
_RC_OSC                           00003FFF
_WDTE_OFF                         00003FFB
_WDTE_ON                          00003FFF
_WDT_OFF                          00003FFB
_WDT_ON                           00003FFF
_WRT_ENABLE_OFF                   00003DFF
_WRT_ENABLE_ON                    00003FFF
_WRT_OFF                          00003DFF
_WRT_ON                           00003FFF
_XT_OSC                           00003FFD
__16F877                          00000001

Errors   :     0
Warnings :     0 reported,     0 suppressed
Messages :     2 reported,     0 suppressed

