MPASM 5.70                     LCD.CLOCK.ASM   12-21-2016  0:22:53         PAGE  1


LOC  OBJECT CODE     LINE SOURCE TEXT
  VALUE

                      00001  LIST   P=PIC16F877
                      00002 #include <P16f877.inc>
                      00001         LIST
                      00002 
                      00003 ;==========================================================================
                      00004 ; Build date : Sep 13 2016
                      00005 ;  MPASM PIC16F877 processor include
                      00006 ; 
                      00007 ;  (c) Copyright 1999-2016 Microchip Technology, All rights reserved
                      00008 ;==========================================================================
                      00009 
                      00541         LIST
                      00003 
2007   373A           00004  __CONFIG _CP_OFF & _WDT_OFF & _BODEN_OFF & _PWRTE_OFF & _HS_OSC & _WRT_ENABLE_ON & _LVP_OFF & _DEBUG_ON
                             & _CPD_OFF
                      00005 
                      00006 #include "BCD_adapter.inc"
                      00001 #ifndef H_F_BCD
                      00002 #define H_F_BCD    
                      00003 
  0000                00004     EXTERN BCD.3,BCD.2.DIG
                      00005     
                      00006 #endif
                      00007 #include "LCD_Functions.inc"
                      00001 #ifndef H_F_LCD_FUNC
                      00002 #define H_F_LCD_FUNC   
                      00003     
  0000                00004     EXTERN INITDisplay,PRINT.255,PRINT.TIME,FORMAT.TIME
                      00005     
                      00006 #endif
                      00007 
                      00008 
                      00008    
                      00009  ORG 0X00
                      00010 
0000                  00011 RESET:
0000   2???           00012     CALL INITDisplay
0001   2???           00013     CALL FORMAT.TIME;FORMAT FUNCTION ON SCREEN AND INIT VARIABALE 
                      00014     
0002                  00015 TIMERLOGIC:
                      00016     
0002                  00017 INIT.VAL:
                      00018     
0002   303B           00019     MOVLW 0X3B ;-------->SET.SECONDS
0003   00D2           00020     MOVWF 0X52
0004   2???           00021     CALL BCD.2.DIG
0005   30CA           00022     MOVLW 0XCA
0006   2???           00023     CALL PRINT.TIME
                      00024     
                      00025     
0007   303B           00026     MOVLW 0X3B ;-------->SET.MINTUES
0008   00D3           00027     MOVWF 0X53
0009   2???           00028     CALL BCD.2.DIG
MPASM 5.70                     LCD.CLOCK.ASM   12-21-2016  0:22:53         PAGE  2


LOC  OBJECT CODE     LINE SOURCE TEXT
  VALUE

000A   30C7           00029     MOVLW 0XC7
000B   2???           00030     CALL PRINT.TIME
                      00031     
                      00032     
000C   3017           00033     MOVLW 0X17 ;-------->SET.HOURS
000D   00D4           00034     MOVWF 0X54
000E   2???           00035     CALL BCD.2.DIG
000F   30C4           00036     MOVLW 0XC4
0010   2???           00037     CALL PRINT.TIME
                      00038     
0011   303B           00039     movlw 0x3b
0012   00D5           00040     movwf 0x55
                      00041     
0013   3017           00042     movlw 0x17
0014   00D6           00043     movwf 0x56
                      00044     
                      00045     
                      00046     
0015                  00047 TIME.SEC:
                      00048     
0015   1103           00049     bcf STATUS,Z
0016   2???           00050     call DELAY.1SEC.TMR1  ;delay
                      00051     
0017   0855           00052     movfw 0x55            ;constent=59
0018   0252           00053     subwf 0x52,w
                      00054     
0019   1903           00055     btfsc STATUS,Z    
001A   2???           00056     goto TIME.MIN ;1
Message[305]: Using default destination of 1 (file).
001B   0AD2           00057     incf 0x52      ;0
                      00058 
001C   0852           00059     MOVFW 0X52
001D   2???           00060     CALL BCD.2.DIG
001E   30CA           00061     MOVLW 0XCA
001F   2???           00062     CALL PRINT.TIME
                      00063                                 
0020   2???           00064     goto TIME.SEC
                      00065     
                      00066     
0021                  00067 TIME.MIN:
                      00068     
0021   01D2           00069     clrf 0x52
0022   0852           00070     MOVFW 0X52
0023   2???           00071     CALL BCD.2.DIG
0024   30CA           00072     MOVLW 0XCA
0025   2???           00073     CALL PRINT.TIME
                      00074     
0026   1103           00075     bcf STATUS,Z
                      00076     
0027   0855           00077     movfw 0x55            ;constent=59
0028   0253           00078     subwf 0x53,w
                      00079 
0029   1903           00080     btfsc STATUS,Z    
MPASM 5.70                     LCD.CLOCK.ASM   12-21-2016  0:22:53         PAGE  3


LOC  OBJECT CODE     LINE SOURCE TEXT
  VALUE

002A   2???           00081     goto TIME.HOUR ;1
Message[305]: Using default destination of 1 (file).
002B   0AD3           00082     incf 0x53      ;0
                      00083 
002C   0853           00084     MOVFW 0X53
002D   2???           00085     CALL BCD.2.DIG
002E   30C7           00086     MOVLW 0XC7
002F   2???           00087     CALL PRINT.TIME
                      00088     
Warning[203]: Found opcode in column 1. (GOTO)
0030   2???           00089 GOTO TIME.SEC 
                      00090     
0031                  00091 TIME.HOUR:
                      00092     
0031   01D3           00093     CLRF 0X53
0032   0853           00094     MOVFW 0X53
0033   2???           00095     CALL BCD.2.DIG
0034   30C7           00096     MOVLW 0XC7
0035   2???           00097     CALL PRINT.TIME
                      00098     
                      00099     
0036   1103           00100     bcf STATUS,Z
                      00101     
0037   0856           00102     movfw 0x56            ;constent=23
0038   0254           00103     subwf 0x54,w
                      00104 
0039   1903           00105     btfsc STATUS,Z    
003A   2???           00106     goto RESET.HOUR;1
Message[305]: Using default destination of 1 (file).
003B   0AD4           00107     incf 0x54      ;0
                      00108 
003C   0854           00109     MOVFW 0X54
003D   2???           00110     CALL BCD.2.DIG
003E   30C4           00111     MOVLW 0XC4
003F   2???           00112     CALL PRINT.TIME
                      00113     
0040   2???           00114     goto TIME.SEC     
                      00115     
Warning[207]: Found label after column 1. (RESET.HOUR)
0041                  00116     RESET.HOUR:
                      00117     
0041   01D4           00118     CLRF 0X54
0042   0854           00119     MOVFW 0X54
0043   2???           00120     CALL BCD.2.DIG
0044   30C4           00121     MOVLW 0XC4
0045   2???           00122     CALL PRINT.TIME
                      00123     
0046   2???           00124     GOTO TIME.SEC
                      00125     
Warning[207]: Found label after column 1. (DELAY.1SEC.TMR1)
0047                  00126     DELAY.1SEC.TMR1:
0047   3031           00127     MOVLW 0X31             ;PRE,CLOCK CHOOSE,ENEBALE BIT
0048   0090           00128     MOVWF T1CON
MPASM 5.70                     LCD.CLOCK.ASM   12-21-2016  0:22:53         PAGE  4


LOC  OBJECT CODE     LINE SOURCE TEXT
  VALUE

0049   30C8           00129     MOVLW 0XC8             ;LOW
004A   008E           00130     MOVWF TMR1L
004B   3032           00131     MOVLW 0X32
004C   008F           00132     MOVWF TMR1H            ;HIGH
Message[302]: Register in operand not in bank 0.  Ensure that bank bits are correct.
004D   140C           00133     BSF PIE1,TMR1IE        ;INTURPPET ENABLER? YES
004E   100C           00134     BCF PIR1,TMR1IF        ;INIT INTURPET
                      00135 
004F   3004           00136     MOVLW 0X04
0050   00C5           00137     MOVWF 0X45
                      00138     
0051                  00139 LOOP.1KHZ:
0051   1C0C           00140     BTFSS PIR1,TMR1IF
0052   2???           00141     GOTO LOOP.1KHZ
                      00142     
0053                  00143 INTURREPT:
0053   100C           00144     BCF PIR1,TMR1IF
0054   0BC5           00145     DECFSZ 0x45,F
0055   2???           00146     GOTO LOOP.1KHZ
0056   0008           00147     RETURN
                      00148 
                      00149 
Warning[205]: Found directive in column 1. (END)
373A                  00150 END
MPASM 5.70                     LCD.CLOCK.ASM   12-21-2016  0:22:53         PAGE  5


SYMBOL TABLE
  LABEL                             VALUE 

ACKDT                             00000005
ACKEN                             00000004
ACKSTAT                           00000006
ADCON0                            0000001F
ADCON1                            0000009F
ADCS0                             00000006
ADCS1                             00000007
ADDEN                             00000003
ADFM                              00000007
ADIE                              00000006
ADIF                              00000006
ADON                              00000000
ADRESH                            0000001E
ADRESL                            0000009E
BCD.2.DIG                         00000000
BCD.3                             00000000
BCLIE                             00000003
BCLIF                             00000003
BF                                00000000
BRGH                              00000002
C                                 00000000
CCP1CON                           00000017
CCP1IE                            00000002
CCP1IF                            00000002
CCP1M0                            00000000
CCP1M1                            00000001
CCP1M2                            00000002
CCP1M3                            00000003
CCP1X                             00000005
CCP1Y                             00000004
CCP2CON                           0000001D
CCP2IE                            00000000
CCP2IF                            00000000
CCP2M0                            00000000
CCP2M1                            00000001
CCP2M2                            00000002
CCP2M3                            00000003
CCP2X                             00000005
CCP2Y                             00000004
CCPR1                             00000015
CCPR1H                            00000016
CCPR1L                            00000015
CCPR2                             0000001B
CCPR2H                            0000001C
CCPR2L                            0000001B
CHS0                              00000003
CHS1                              00000004
CHS2                              00000005
CKE                               00000006
CKP                               00000004
CREN                              00000004
CSRC                              00000007
D                                 00000005
MPASM 5.70                     LCD.CLOCK.ASM   12-21-2016  0:22:53         PAGE  6


SYMBOL TABLE
  LABEL                             VALUE 

DATA_ADDRESS                      00000005
DC                                00000001
DELAY.1SEC.TMR1                   00000047
D_A                               00000005
D_NOT_A                           00000005
EEADR                             0000010D
EEADRH                            0000010F
EECON1                            0000018C
EECON2                            0000018D
EEDATA                            0000010C
EEDATH                            0000010E
EEIE                              00000004
EEIF                              00000004
EEPGD                             00000007
F                                 00000001
FERR                              00000002
FORMAT.TIME                       00000000
FSR                               00000004
GCEN                              00000007
GIE                               00000007
GO                                00000002
GO_DONE                           00000002
GO_NOT_DONE                       00000002
H_F_BCD                           
H_F_LCD_FUNC                      
I2C_DATA                          00000005
I2C_READ                          00000002
I2C_START                         00000003
I2C_STOP                          00000004
IBF                               00000007
IBOV                              00000005
INDF                              00000000
INIT.VAL                          00000002
INITDisplay                       00000000
INTCON                            0000000B
INTE                              00000004
INTEDG                            00000006
INTF                              00000001
INTURREPT                         00000053
IRP                               00000007
LOOP.1KHZ                         00000051
NOT_A                             00000005
NOT_ADDRESS                       00000005
NOT_BO                            00000000
NOT_BOR                           00000000
NOT_DONE                          00000002
NOT_PD                            00000003
NOT_POR                           00000001
NOT_RBPU                          00000007
NOT_RC8                           00000006
NOT_T1SYNC                        00000002
NOT_TO                            00000004
NOT_TX8                           00000006
MPASM 5.70                     LCD.CLOCK.ASM   12-21-2016  0:22:53         PAGE  7


SYMBOL TABLE
  LABEL                             VALUE 

NOT_W                             00000002
NOT_WRITE                         00000002
OBF                               00000006
OERR                              00000001
OPTION_REG                        00000081
P                                 00000004
PCFG0                             00000000
PCFG1                             00000001
PCFG2                             00000002
PCFG3                             00000003
PCL                               00000002
PCLATH                            0000000A
PCON                              0000008E
PEIE                              00000006
PEN                               00000002
PIE1                              0000008C
PIE2                              0000008D
PIR1                              0000000C
PIR2                              0000000D
PORTA                             00000005
PORTB                             00000006
PORTC                             00000007
PORTD                             00000008
PORTE                             00000009
PR2                               00000092
PRINT.255                         00000000
PRINT.TIME                        00000000
PS0                               00000000
PS1                               00000001
PS2                               00000002
PSA                               00000003
PSPIE                             00000007
PSPIF                             00000007
PSPMODE                           00000004
R                                 00000002
RA0                               00000000
RA1                               00000001
RA2                               00000002
RA3                               00000003
RA4                               00000004
RA5                               00000005
RB0                               00000000
RB1                               00000001
RB2                               00000002
RB3                               00000003
RB4                               00000004
RB5                               00000005
RB6                               00000006
RB7                               00000007
RBIE                              00000003
RBIF                              00000000
RC0                               00000000
RC1                               00000001
MPASM 5.70                     LCD.CLOCK.ASM   12-21-2016  0:22:53         PAGE  8


SYMBOL TABLE
  LABEL                             VALUE 

RC2                               00000002
RC3                               00000003
RC4                               00000004
RC5                               00000005
RC6                               00000006
RC7                               00000007
RC8_9                             00000006
RC9                               00000006
RCD8                              00000000
RCEN                              00000003
RCIE                              00000005
RCIF                              00000005
RCREG                             0000001A
RCSTA                             00000018
RD                                00000000
RD0                               00000000
RD1                               00000001
RD2                               00000002
RD3                               00000003
RD4                               00000004
RD5                               00000005
RD6                               00000006
RD7                               00000007
RE0                               00000000
RE1                               00000001
RE2                               00000002
READ_WRITE                        00000002
RESET                             00000000
RESET.HOUR                        00000041
RP0                               00000005
RP1                               00000006
RSEN                              00000001
RX9                               00000006
RX9D                              00000000
R_NOT_W                           00000002
R_W                               00000002
S                                 00000003
SEN                               00000000
SMP                               00000007
SPBRG                             00000099
SPEN                              00000007
SREN                              00000005
SSPADD                            00000093
SSPBUF                            00000013
SSPCON                            00000014
SSPCON2                           00000091
SSPEN                             00000005
SSPIE                             00000003
SSPIF                             00000003
SSPM0                             00000000
SSPM1                             00000001
SSPM2                             00000002
SSPM3                             00000003
MPASM 5.70                     LCD.CLOCK.ASM   12-21-2016  0:22:53         PAGE  9


SYMBOL TABLE
  LABEL                             VALUE 

SSPOV                             00000006
SSPSTAT                           00000094
STATUS                            00000003
SYNC                              00000004
T0CS                              00000005
T0IE                              00000005
T0IF                              00000002
T0SE                              00000004
T1CKPS0                           00000004
T1CKPS1                           00000005
T1CON                             00000010
T1INSYNC                          00000002
T1OSCEN                           00000003
T1SYNC                            00000002
T2CKPS0                           00000000
T2CKPS1                           00000001
T2CON                             00000012
TIME.HOUR                         00000031
TIME.MIN                          00000021
TIME.SEC                          00000015
TIMERLOGIC                        00000002
TMR0                              00000001
TMR0IE                            00000005
TMR0IF                            00000002
TMR1                              0000000E
TMR1CS                            00000001
TMR1H                             0000000F
TMR1IE                            00000000
TMR1IF                            00000000
TMR1L                             0000000E
TMR1ON                            00000000
TMR2                              00000011
TMR2IE                            00000001
TMR2IF                            00000001
TMR2ON                            00000002
TOUTPS0                           00000003
TOUTPS1                           00000004
TOUTPS2                           00000005
TOUTPS3                           00000006
TRISA                             00000085
TRISA0                            00000000
TRISA1                            00000001
TRISA2                            00000002
TRISA3                            00000003
TRISA4                            00000004
TRISA5                            00000005
TRISB                             00000086
TRISB0                            00000000
TRISB1                            00000001
TRISB2                            00000002
TRISB3                            00000003
TRISB4                            00000004
TRISB5                            00000005
MPASM 5.70                     LCD.CLOCK.ASM   12-21-2016  0:22:53         PAGE 10


SYMBOL TABLE
  LABEL                             VALUE 

TRISB6                            00000006
TRISB7                            00000007
TRISC                             00000087
TRISC0                            00000000
TRISC1                            00000001
TRISC2                            00000002
TRISC3                            00000003
TRISC4                            00000004
TRISC5                            00000005
TRISC6                            00000006
TRISC7                            00000007
TRISD                             00000088
TRISD0                            00000000
TRISD1                            00000001
TRISD2                            00000002
TRISD3                            00000003
TRISD4                            00000004
TRISD5                            00000005
TRISD6                            00000006
TRISD7                            00000007
TRISE                             00000089
TRISE0                            00000000
TRISE1                            00000001
TRISE2                            00000002
TRMT                              00000001
TX8_9                             00000006
TX9                               00000006
TX9D                              00000000
TXD8                              00000000
TXEN                              00000005
TXIE                              00000004
TXIF                              00000004
TXREG                             00000019
TXSTA                             00000098
UA                                00000001
W                                 00000000
WCOL                              00000007
WR                                00000001
WREN                              00000002
WRERR                             00000003
Z                                 00000002
_BODEN_OFF                        00003FBF
_BODEN_ON                         00003FFF
_BOREN_OFF                        00003FBF
_BOREN_ON                         00003FFF
_CONFIG                           00002007
_CPD_OFF                          00003FFF
_CPD_ON                           00003EFF
_CP_ALL                           00000FCF
_CP_HALF                          00001FDF
_CP_OFF                           00003FFF
_CP_UPPER_256                     00002FEF
_DEBUG_OFF                        00003FFF
MPASM 5.70                     LCD.CLOCK.ASM   12-21-2016  0:22:53         PAGE 11


SYMBOL TABLE
  LABEL                             VALUE 

_DEBUG_ON                         000037FF
_DEVID1                           00002006
_FOSC_EXTRC                       00003FFF
_FOSC_HS                          00003FFE
_FOSC_LP                          00003FFC
_FOSC_XT                          00003FFD
_HS_OSC                           00003FFE
_IDLOC0                           00002000
_IDLOC1                           00002001
_IDLOC2                           00002002
_IDLOC3                           00002003
_LP_OSC                           00003FFC
_LVP_OFF                          00003F7F
_LVP_ON                           00003FFF
_PWRTE_OFF                        00003FFF
_PWRTE_ON                         00003FF7
_RC_OSC                           00003FFF
_WDTE_OFF                         00003FFB
_WDTE_ON                          00003FFF
_WDT_OFF                          00003FFB
_WDT_ON                           00003FFF
_WRT_ENABLE_OFF                   00003DFF
_WRT_ENABLE_ON                    00003FFF
_WRT_OFF                          00003DFF
_WRT_ON                           00003FFF
_XT_OSC                           00003FFD
__16F877                          00000001

Errors   :     0
Warnings :     4 reported,     0 suppressed
Messages :     4 reported,     0 suppressed

