MPASM 5.70                 LCD_FUNCTIONS.ASM   12-20-2016  22:40:31         PAGE  1


LOC  OBJECT CODE     LINE SOURCE TEXT
  VALUE

Warning[205]: Found directive in column 1. (LIST)
                      00001 LIST    P=PIC16F877
                      00002 #include <P16f877.inc>
                      00001         LIST
                      00002 
                      00003 ;==========================================================================
                      00004 ; Build date : Sep 13 2016
                      00005 ;  MPASM PIC16F877 processor include
                      00006 ; 
                      00007 ;  (c) Copyright 1999-2016 Microchip Technology, All rights reserved
                      00008 ;==========================================================================
                      00009 
                      00541         LIST
                      00003 
                      00004 LCD CODE 0x120
                      00005 
0120                  00006 INITDisplay:
                      00007    
                      00008    ;CALL BANK1 
0120   1683 1303      00009    BANKSEL TRISD                  
Message[302]: Register in operand not in bank 0.  Ensure that bank bits are correct.
0122   0188           00010    CLRF TRISD                  
0123   3006           00011    MOVLW 0X06                  
Message[302]: Register in operand not in bank 0.  Ensure that bank bits are correct.
0124   009F           00012    MOVWF ADCON1                ;SET ALL TO D
Message[302]: Register in operand not in bank 0.  Ensure that bank bits are correct.
0125   0189           00013    CLRF TRISE
                      00014    ;CALL BANK0
0126   1283 1303      00015    BANKSEL PORTD
0128   3030           00016    MOVLW 0X30                  ;RESET SCREEN
                      00017    
0129   2???           00018    CALL FUNCTION.LCD.WRITE
012A   2???           00019    CALL INITDELAY
012B   3030           00020    MOVLW 0X30
                      00021    
012C   2???           00022    CALL FUNCTION.LCD.WRITE
012D   2???           00023    CALL INITDELAY
012E   3030           00024    MOVLW 0X30
                      00025    
012F   2???           00026    CALL FUNCTION.LCD.WRITE
0130   2???           00027    CALL INITDELAY              ;END SCREEN RESET
0131   3038           00028    MOVLW 0X38                  ;SET CONFIG. FOR SCREEN
                      00029    
0132   2???           00030    CALL FUNCTION.LCD.WRITE
0133   300C           00031    MOVLW 0X0C                  ;DISPLAY=ON BIT.D=1
                      00032                     
0134   2???           00033    CALL FUNCTION.LCD.WRITE
0135   3001           00034    MOVLW 0X01                  ;DISPLAY CLEAR
                      00035    
0136   2???           00036    CALL FUNCTION.LCD.WRITE 
0137   3006           00037    MOVLW 0X06                  ;DISPLAY SET L.T.R
                      00038    
0138   2???           00039    CALL FUNCTION.LCD.WRITE
MPASM 5.70                 LCD_FUNCTIONS.ASM   12-20-2016  22:40:31         PAGE  2


LOC  OBJECT CODE     LINE SOURCE TEXT
  VALUE

                      00040    
0139   0008           00041    RETURN
                      00042 
  0000                00043  GLOBAL INITDisplay
                      00044    
013A                  00045 FUNCTION.LCD.WRITE:            ;FUNCTION WRITE TO LCD
                      00046 
013A   0088           00047  MOVWF PORTD   
013B   1089           00048  BCF PORTE,RE1
013C   1409           00049  BSF PORTE,RE0
013D   2???           00050  CALL INITDELAY
013E   1009           00051  BCF PORTE,RE0
                      00052     
013F   0008           00053     RETURN
                      00054 
                      00055  
                      00056     
0140                  00057 VAL.LCD.WRITE:                 ;VAL WRITE ON SCREEN
                      00058 
0140   0088           00059  MOVWF PORTD   
0141   1489           00060  BSF PORTE,RE1
0142   1409           00061  BSF PORTE,RE0
0143   2???           00062  CALL INITDELAY
0144   1009           00063  BCF PORTE,RE0
                      00064     
0145   0008           00065    RETURN    
                      00066 
                      00067 ;-----------------255.function------------------------------;   
0146                  00068 PRINT.255:
                      00069         
0146   3086           00070    MOVLW 0X86
0147   2???           00071    CALL FUNCTION.LCD.WRITE
0148   2???           00072    CALL ASCII.NUMBER.255
                      00073    
0149   3003           00074    MOVLW 0X03
014A   00C8           00075    MOVWF 0X48
                      00076    
014B   3052           00077    MOVLW 0X52
014C   0084           00078    MOVWF FSR
                      00079    
014D                  00080 LOOP.3:   
                      00081    
014D   0800           00082    MOVFW INDF
                      00083    
014E   2???           00084    CALL VAL.LCD.WRITE
014F   0384           00085    DECF FSR,F
0150   0BC8           00086    DECFSZ 0X48,F
0151   2???           00087    GOTO LOOP.3
                      00088    
0152   0008           00089    RETURN   
                      00090 
  0000                00091  GLOBAL PRINT.255   
                      00092 
MPASM 5.70                 LCD_FUNCTIONS.ASM   12-20-2016  22:40:31         PAGE  3


LOC  OBJECT CODE     LINE SOURCE TEXT
  VALUE

0153                  00093 ASCII.NUMBER.255:
                      00094    
0153   3003           00095    MOVLW 0X03
0154   00C8           00096    MOVWF 0X48
                      00097    
0155   3052           00098    MOVLW 0X52
0156   0084           00099    MOVWF FSR
                      00100    
0157   3030           00101    MOVLW 0X30
                      00102    
0158                  00103 LOOP.ASCII.255:
                      00104    
0158   0780           00105    ADDWF INDF,F    
0159   0384           00106    DECF FSR,F
015A   0BC8           00107    DECFSZ 0X48,F
015B   2???           00108    GOTO LOOP.ASCII.255
                      00109    
015C   0008           00110    RETURN
                      00111 ;-----------------TIME.FUNCTION-------------------------------;
Warning[207]: Found label after column 1. (FORMAT.TIME)
015D                  00112  FORMAT.TIME:
                      00113           
015D   3084           00114    MOVLW 0X84
015E   2???           00115    CALL FUNCTION.LCD.WRITE 
                      00116    
015F   3048           00117    MOVLW 0x48
0160   2???           00118    CALL VAL.LCD.WRITE
0161   3048           00119    MOVLW 0x48
0162   2???           00120    CALL VAL.LCD.WRITE
                      00121    
0163   303A           00122    MOVLW 0x3A
0164   2???           00123    CALL VAL.LCD.WRITE
                      00124    
0165   304D           00125    MOVLW 0x4D
0166   2???           00126    CALL VAL.LCD.WRITE
0167   304D           00127     MOVLW 0x4D
0168   2???           00128    CALL VAL.LCD.WRITE
                      00129    
0169   303A           00130    MOVLW 0x3A
016A   2???           00131    CALL VAL.LCD.WRITE
                      00132    
016B   3053           00133    MOVLW 0x53
016C   2???           00134    CALL VAL.LCD.WRITE
016D   3053           00135    MOVLW 0x53
016E   2???           00136    CALL VAL.LCD.WRITE
                      00137 
016F   30C4           00138    MOVLW 0xC4
0170   2???           00139    CALL FUNCTION.LCD.WRITE
                      00140 
0171   3030           00141    MOVLW 0x30
0172   2???           00142    CALL VAL.LCD.WRITE
0173   3030           00143    MOVLW 0x30
0174   2???           00144    CALL VAL.LCD.WRITE
MPASM 5.70                 LCD_FUNCTIONS.ASM   12-20-2016  22:40:31         PAGE  4


LOC  OBJECT CODE     LINE SOURCE TEXT
  VALUE

                      00145 
0175   303A           00146    MOVLW 0x3A
0176   2???           00147    CALL VAL.LCD.WRITE
                      00148    
0177   3030           00149    MOVLW 0x30
0178   2???           00150    CALL VAL.LCD.WRITE
0179   3030           00151    MOVLW 0x30
017A   2???           00152    CALL VAL.LCD.WRITE
                      00153 
017B   303A           00154    MOVLW 0x3A
017C   2???           00155    CALL VAL.LCD.WRITE
                      00156 
017D   3030           00157    MOVLW 0x30
017E   2???           00158    CALL VAL.LCD.WRITE
017F   3030           00159    MOVLW 0x30
0180   2???           00160    CALL VAL.LCD.WRITE
                      00161    
0181   0008           00162    RETURN
                      00163 
  0000                00164    GLOBAL FORMAT.TIME   
                      00165    
0182                  00166 PRINT.TIME:
                      00167     
0182   2???           00168     CALL FUNCTION.LCD.WRITE
0183   2???           00169     CALL ASCII.NUMBER.TIME
                      00170     
0184   3002           00171     MOVLW 0X02
0185   00C8           00172     MOVWF 0X48
                      00173     
0186   3051           00174     MOVLW 0X51
0187   0084           00175     MOVWF FSR
                      00176     
Warning[207]: Found label after column 1. (LOOP.TIME.2)
0188                  00177     LOOP.TIME.2:
                      00178     
0188   0800           00179     MOVFW INDF
0189   2???           00180     CALL VAL.LCD.WRITE
                      00181     
Message[305]: Using default destination of 1 (file).
018A   0384           00182     DECF FSR
018B   0BC8           00183     DECFSZ 0X48,F
018C   2???           00184     GOTO LOOP.TIME.2
                      00185     
018D   0008           00186     RETURN
                      00187 
  0000                00188     GLOBAL PRINT.TIME
                      00189     
018E                  00190 ASCII.NUMBER.TIME:
                      00191    
018E   3002           00192    MOVLW 0X02
018F   00C8           00193    MOVWF 0X48
                      00194    
0190   3050           00195    MOVLW 0X50
MPASM 5.70                 LCD_FUNCTIONS.ASM   12-20-2016  22:40:31         PAGE  5


LOC  OBJECT CODE     LINE SOURCE TEXT
  VALUE

0191   0084           00196    MOVWF FSR
                      00197    
0192   3030           00198    MOVLW 0X30
                      00199    
0193                  00200 LOOP.ASCII.TIME:
                      00201    
0193   0780           00202    ADDWF INDF,F    
0194   0A84           00203    INCF FSR,F
0195   0BC8           00204    DECFSZ 0X48,F
0196   2???           00205    GOTO LOOP.ASCII.TIME
                      00206    
0197   0008           00207    RETURN
                      00208 
                      00209 
                      00210 
0198                  00211 BANK0:
                      00212 
0198   1383           00213     BCF STATUS,IRP
0199   1283           00214     BCF STATUS,RP0
019A   1303           00215     BCF STATUS,RP1
                      00216     
019B   0008           00217     RETURN
                      00218     
019C                  00219 BANK1:
                      00220 
019C   1383           00221     BCF STATUS,IRP
019D   1303           00222     BCF STATUS,RP1
019E   1683           00223     BSF STATUS,RP0
                      00224     
019F   0008           00225     RETURN
                      00226     
01A0                  00227 BANK2:
                      00228 
01A0   1783           00229     BSF STATUS,IRP
01A1   1703           00230     BSF STATUS,RP1
01A2   1283           00231     BCF STATUS,RP0
                      00232     
01A3   0008           00233     RETURN 
                      00234     
01A4                  00235 BANK3:
                      00236 
01A4   1783           00237     BSF STATUS,IRP
01A5   1703           00238     BSF STATUS,RP1
01A6   1683           00239     BSF STATUS,RP0
                      00240     
01A7   0008           00241     RETURN   
                      00242 
01A8                  00243 INITDELAY:          ;INIT DELAY 2ms
                      00244 
01A8   3020           00245     movlw 0X20          
01A9   00C0           00246     movwf 0x40         
                      00247     
01AA                  00248 DELAY0:
MPASM 5.70                 LCD_FUNCTIONS.ASM   12-20-2016  22:40:31         PAGE  6


LOC  OBJECT CODE     LINE SOURCE TEXT
  VALUE

                      00249     
01AA   0BC0           00250     DECFSZ 0x40,f
01AB   2???           00251     GOTO DELAY0
                      00252     
01AC   0008           00253     RETURN
                      00254         
                      00255     END
MPASM 5.70                 LCD_FUNCTIONS.ASM   12-20-2016  22:40:31         PAGE  7


SYMBOL TABLE
  LABEL                             VALUE 

ACKDT                             00000005
ACKEN                             00000004
ACKSTAT                           00000006
ADCON0                            0000001F
ADCON1                            0000009F
ADCS0                             00000006
ADCS1                             00000007
ADDEN                             00000003
ADFM                              00000007
ADIE                              00000006
ADIF                              00000006
ADON                              00000000
ADRESH                            0000001E
ADRESL                            0000009E
ASCII.NUMBER.255                  00000153
ASCII.NUMBER.TIME                 0000018E
BANK0                             00000198
BANK1                             0000019C
BANK2                             000001A0
BANK3                             000001A4
BCLIE                             00000003
BCLIF                             00000003
BF                                00000000
BRGH                              00000002
C                                 00000000
CCP1CON                           00000017
CCP1IE                            00000002
CCP1IF                            00000002
CCP1M0                            00000000
CCP1M1                            00000001
CCP1M2                            00000002
CCP1M3                            00000003
CCP1X                             00000005
CCP1Y                             00000004
CCP2CON                           0000001D
CCP2IE                            00000000
CCP2IF                            00000000
CCP2M0                            00000000
CCP2M1                            00000001
CCP2M2                            00000002
CCP2M3                            00000003
CCP2X                             00000005
CCP2Y                             00000004
CCPR1                             00000015
CCPR1H                            00000016
CCPR1L                            00000015
CCPR2                             0000001B
CCPR2H                            0000001C
CCPR2L                            0000001B
CHS0                              00000003
CHS1                              00000004
CHS2                              00000005
CKE                               00000006
MPASM 5.70                 LCD_FUNCTIONS.ASM   12-20-2016  22:40:31         PAGE  8


SYMBOL TABLE
  LABEL                             VALUE 

CKP                               00000004
CREN                              00000004
CSRC                              00000007
D                                 00000005
DATA_ADDRESS                      00000005
DC                                00000001
DELAY0                            000001AA
D_A                               00000005
D_NOT_A                           00000005
EEADR                             0000010D
EEADRH                            0000010F
EECON1                            0000018C
EECON2                            0000018D
EEDATA                            0000010C
EEDATH                            0000010E
EEIE                              00000004
EEIF                              00000004
EEPGD                             00000007
F                                 00000001
FERR                              00000002
FORMAT.TIME                       0000015D
FSR                               00000004
FUNCTION.LCD.WRITE                0000013A
GCEN                              00000007
GIE                               00000007
GO                                00000002
GO_DONE                           00000002
GO_NOT_DONE                       00000002
I2C_DATA                          00000005
I2C_READ                          00000002
I2C_START                         00000003
I2C_STOP                          00000004
IBF                               00000007
IBOV                              00000005
INDF                              00000000
INITDELAY                         000001A8
INITDisplay                       00000120
INTCON                            0000000B
INTE                              00000004
INTEDG                            00000006
INTF                              00000001
IRP                               00000007
LOOP.3                            0000014D
LOOP.ASCII.255                    00000158
LOOP.ASCII.TIME                   00000193
LOOP.TIME.2                       00000188
NOT_A                             00000005
NOT_ADDRESS                       00000005
NOT_BO                            00000000
NOT_BOR                           00000000
NOT_DONE                          00000002
NOT_PD                            00000003
NOT_POR                           00000001
MPASM 5.70                 LCD_FUNCTIONS.ASM   12-20-2016  22:40:31         PAGE  9


SYMBOL TABLE
  LABEL                             VALUE 

NOT_RBPU                          00000007
NOT_RC8                           00000006
NOT_T1SYNC                        00000002
NOT_TO                            00000004
NOT_TX8                           00000006
NOT_W                             00000002
NOT_WRITE                         00000002
OBF                               00000006
OERR                              00000001
OPTION_REG                        00000081
P                                 00000004
PCFG0                             00000000
PCFG1                             00000001
PCFG2                             00000002
PCFG3                             00000003
PCL                               00000002
PCLATH                            0000000A
PCON                              0000008E
PEIE                              00000006
PEN                               00000002
PIE1                              0000008C
PIE2                              0000008D
PIR1                              0000000C
PIR2                              0000000D
PORTA                             00000005
PORTB                             00000006
PORTC                             00000007
PORTD                             00000008
PORTE                             00000009
PR2                               00000092
PRINT.255                         00000146
PRINT.TIME                        00000182
PS0                               00000000
PS1                               00000001
PS2                               00000002
PSA                               00000003
PSPIE                             00000007
PSPIF                             00000007
PSPMODE                           00000004
R                                 00000002
RA0                               00000000
RA1                               00000001
RA2                               00000002
RA3                               00000003
RA4                               00000004
RA5                               00000005
RB0                               00000000
RB1                               00000001
RB2                               00000002
RB3                               00000003
RB4                               00000004
RB5                               00000005
RB6                               00000006
MPASM 5.70                 LCD_FUNCTIONS.ASM   12-20-2016  22:40:31         PAGE 10


SYMBOL TABLE
  LABEL                             VALUE 

RB7                               00000007
RBIE                              00000003
RBIF                              00000000
RC0                               00000000
RC1                               00000001
RC2                               00000002
RC3                               00000003
RC4                               00000004
RC5                               00000005
RC6                               00000006
RC7                               00000007
RC8_9                             00000006
RC9                               00000006
RCD8                              00000000
RCEN                              00000003
RCIE                              00000005
RCIF                              00000005
RCREG                             0000001A
RCSTA                             00000018
RD                                00000000
RD0                               00000000
RD1                               00000001
RD2                               00000002
RD3                               00000003
RD4                               00000004
RD5                               00000005
RD6                               00000006
RD7                               00000007
RE0                               00000000
RE1                               00000001
RE2                               00000002
READ_WRITE                        00000002
RP0                               00000005
RP1                               00000006
RSEN                              00000001
RX9                               00000006
RX9D                              00000000
R_NOT_W                           00000002
R_W                               00000002
S                                 00000003
SEN                               00000000
SMP                               00000007
SPBRG                             00000099
SPEN                              00000007
SREN                              00000005
SSPADD                            00000093
SSPBUF                            00000013
SSPCON                            00000014
SSPCON2                           00000091
SSPEN                             00000005
SSPIE                             00000003
SSPIF                             00000003
SSPM0                             00000000
MPASM 5.70                 LCD_FUNCTIONS.ASM   12-20-2016  22:40:31         PAGE 11


SYMBOL TABLE
  LABEL                             VALUE 

SSPM1                             00000001
SSPM2                             00000002
SSPM3                             00000003
SSPOV                             00000006
SSPSTAT                           00000094
STATUS                            00000003
SYNC                              00000004
T0CS                              00000005
T0IE                              00000005
T0IF                              00000002
T0SE                              00000004
T1CKPS0                           00000004
T1CKPS1                           00000005
T1CON                             00000010
T1INSYNC                          00000002
T1OSCEN                           00000003
T1SYNC                            00000002
T2CKPS0                           00000000
T2CKPS1                           00000001
T2CON                             00000012
TMR0                              00000001
TMR0IE                            00000005
TMR0IF                            00000002
TMR1                              0000000E
TMR1CS                            00000001
TMR1H                             0000000F
TMR1IE                            00000000
TMR1IF                            00000000
TMR1L                             0000000E
TMR1ON                            00000000
TMR2                              00000011
TMR2IE                            00000001
TMR2IF                            00000001
TMR2ON                            00000002
TOUTPS0                           00000003
TOUTPS1                           00000004
TOUTPS2                           00000005
TOUTPS3                           00000006
TRISA                             00000085
TRISA0                            00000000
TRISA1                            00000001
TRISA2                            00000002
TRISA3                            00000003
TRISA4                            00000004
TRISA5                            00000005
TRISB                             00000086
TRISB0                            00000000
TRISB1                            00000001
TRISB2                            00000002
TRISB3                            00000003
TRISB4                            00000004
TRISB5                            00000005
TRISB6                            00000006
MPASM 5.70                 LCD_FUNCTIONS.ASM   12-20-2016  22:40:31         PAGE 12


SYMBOL TABLE
  LABEL                             VALUE 

TRISB7                            00000007
TRISC                             00000087
TRISC0                            00000000
TRISC1                            00000001
TRISC2                            00000002
TRISC3                            00000003
TRISC4                            00000004
TRISC5                            00000005
TRISC6                            00000006
TRISC7                            00000007
TRISD                             00000088
TRISD0                            00000000
TRISD1                            00000001
TRISD2                            00000002
TRISD3                            00000003
TRISD4                            00000004
TRISD5                            00000005
TRISD6                            00000006
TRISD7                            00000007
TRISE                             00000089
TRISE0                            00000000
TRISE1                            00000001
TRISE2                            00000002
TRMT                              00000001
TX8_9                             00000006
TX9                               00000006
TX9D                              00000000
TXD8                              00000000
TXEN                              00000005
TXIE                              00000004
TXIF                              00000004
TXREG                             00000019
TXSTA                             00000098
UA                                00000001
VAL.LCD.WRITE                     00000140
W                                 00000000
WCOL                              00000007
WR                                00000001
WREN                              00000002
WRERR                             00000003
Z                                 00000002
_BODEN_OFF                        00003FBF
_BODEN_ON                         00003FFF
_BOREN_OFF                        00003FBF
_BOREN_ON                         00003FFF
_CONFIG                           00002007
_CPD_OFF                          00003FFF
_CPD_ON                           00003EFF
_CP_ALL                           00000FCF
_CP_HALF                          00001FDF
_CP_OFF                           00003FFF
_CP_UPPER_256                     00002FEF
_DEBUG_OFF                        00003FFF
MPASM 5.70                 LCD_FUNCTIONS.ASM   12-20-2016  22:40:31         PAGE 13


SYMBOL TABLE
  LABEL                             VALUE 

_DEBUG_ON                         000037FF
_DEVID1                           00002006
_FOSC_EXTRC                       00003FFF
_FOSC_HS                          00003FFE
_FOSC_LP                          00003FFC
_FOSC_XT                          00003FFD
_HS_OSC                           00003FFE
_IDLOC0                           00002000
_IDLOC1                           00002001
_IDLOC2                           00002002
_IDLOC3                           00002003
_LP_OSC                           00003FFC
_LVP_OFF                          00003F7F
_LVP_ON                           00003FFF
_PWRTE_OFF                        00003FFF
_PWRTE_ON                         00003FF7
_RC_OSC                           00003FFF
_WDTE_OFF                         00003FFB
_WDTE_ON                          00003FFF
_WDT_OFF                          00003FFB
_WDT_ON                           00003FFF
_WRT_ENABLE_OFF                   00003DFF
_WRT_ENABLE_ON                    00003FFF
_WRT_OFF                          00003DFF
_WRT_ON                           00003FFF
_XT_OSC                           00003FFD
__16F877                          00000001

Errors   :     0
Warnings :     3 reported,     0 suppressed
Messages :     4 reported,     0 suppressed

