Message[302] C:\USERS\DB141\MPLABXPROJECTS\EX-02.X\RRLED.ASM 19 : Register in operand not in bank 0.  Ensure that bank bits are correct.
Warning[207] C:\USERS\DB141\MPLABXPROJECTS\EX-02.X\RRLED.ASM 27 : Found label after column 1. (ACTION2)
Message[302] C:\USERS\DB141\MPLABXPROJECTS\EX-02.X\RRLED.ASM 49 : Register in operand not in bank 0.  Ensure that bank bits are correct.
Warning[207] C:\USERS\DB141\MPLABXPROJECTS\EX-02.X\RRLED.ASM 54 : Found label after column 1. (RLOOP)
Message[305] C:\USERS\DB141\MPLABXPROJECTS\EX-02.X\RRLED.ASM 56 : Using default destination of 1 (file).
Warning[207] C:\USERS\DB141\MPLABXPROJECTS\EX-02.X\RRLED.ASM 63 : Found label after column 1. (INITDELAY)
Warning[207] C:\USERS\DB141\MPLABXPROJECTS\EX-02.X\RRLED.ASM 67 : Found label after column 1. (DELAY0)
Warning[207] C:\USERS\DB141\MPLABXPROJECTS\EX-02.X\RRLED.ASM 72 : Found label after column 1. (INITDELAY1)
Warning[207] C:\USERS\DB141\MPLABXPROJECTS\EX-02.X\RRLED.ASM 76 : Found label after column 1. (DELAY1)
Warning[207] C:\USERS\DB141\MPLABXPROJECTS\EX-02.X\RRLED.ASM 81 : Found label after column 1. (INITDELAY.600cyc)
Warning[207] C:\USERS\DB141\MPLABXPROJECTS\EX-02.X\RRLED.ASM 85 : Found label after column 1. (DELAY0.600cyc)
Warning[207] C:\USERS\DB141\MPLABXPROJECTS\EX-02.X\RRLED.ASM 90 : Found label after column 1. (INITDELAY1.600cyc)
Warning[207] C:\USERS\DB141\MPLABXPROJECTS\EX-02.X\RRLED.ASM 94 : Found label after column 1. (DELAY1.600cyc)
Warning[207] C:\USERS\DB141\MPLABXPROJECTS\EX-02.X\RRLED.ASM 100 : Found label after column 1. (INITDELAY.1400cyc)
Warning[207] C:\USERS\DB141\MPLABXPROJECTS\EX-02.X\RRLED.ASM 104 : Found label after column 1. (DELAY0.1400cyc)
Warning[207] C:\USERS\DB141\MPLABXPROJECTS\EX-02.X\RRLED.ASM 109 : Found label after column 1. (INITDELAY1.1400cyc)
Warning[207] C:\USERS\DB141\MPLABXPROJECTS\EX-02.X\RRLED.ASM 113 : Found label after column 1. (DELAY1.1400cyc)
Warning[207] C:\USERS\DB141\MPLABXPROJECTS\EX-02.X\RRLED.ASM 119 : Found label after column 1. (BANK0)
Warning[207] C:\USERS\DB141\MPLABXPROJECTS\EX-02.X\RRLED.ASM 124 : Found label after column 1. (BANK1)
Warning[207] C:\USERS\DB141\MPLABXPROJECTS\EX-02.X\RRLED.ASM 129 : Found label after column 1. (BANK2)
Warning[207] C:\USERS\DB141\MPLABXPROJECTS\EX-02.X\RRLED.ASM 134 : Found label after column 1. (BANK3)
Warning[207] C:\USERS\DB141\MPLABXPROJECTS\EX-02.X\RRLED.ASM 139 : Found label after column 1. (delay_2.5KHZ)
Warning[207] C:\USERS\DB141\MPLABXPROJECTS\EX-02.X\RRLED.ASM 142 : Found label after column 1. (CONT1)
Warning[207] C:\USERS\DB141\MPLABXPROJECTS\EX-02.X\RRLED.ASM 145 : Found label after column 1. (CONT2)
Warning[207] C:\USERS\DB141\MPLABXPROJECTS\EX-02.X\RRLED.ASM 153 : Found label after column 1. (TIMER.I.15KHZ.333CYC)
Message[302] C:\USERS\DB141\MPLABXPROJECTS\EX-02.X\RRLED.ASM 157 : Register in operand not in bank 0.  Ensure that bank bits are correct.
Warning[207] C:\USERS\DB141\MPLABXPROJECTS\EX-02.X\RRLED.ASM 162 : Found label after column 1. (LOOP123)
Warning[207] C:\USERS\DB141\MPLABXPROJECTS\EX-02.X\RRLED.ASM 168 : Found label after column 1. (TIMER.E.15KHZFROM1.08MHZ.74CYC)
Message[302] C:\USERS\DB141\MPLABXPROJECTS\EX-02.X\RRLED.ASM 172 : Register in operand not in bank 0.  Ensure that bank bits are correct.
Warning[207] C:\USERS\DB141\MPLABXPROJECTS\EX-02.X\RRLED.ASM 177 : Found label after column 1. (LOOP1234)
Warning[205] C:\USERS\DB141\MPLABXPROJECTS\EX-02.X\RRLED.ASM 183 : Found directive in column 1. (END)
