MPASM 5.70                         RRLED.ASM   11-29-2016  21:40:33         PAGE  1


LOC  OBJECT CODE     LINE SOURCE TEXT
  VALUE

                      00001 
                      00002                 LIST    P=PIC16F877
                      00003                 include <P16f877.inc>
                      00001         LIST
                      00002 
                      00003 ;==========================================================================
                      00004 ; Build date : Sep 13 2016
                      00005 ;  MPASM PIC16F877 processor include
                      00006 ; 
                      00007 ;  (c) Copyright 1999-2016 Microchip Technology, All rights reserved
                      00008 ;==========================================================================
                      00009 
                      00541         LIST
2007   373A           00004  __CONFIG _CP_OFF & _WDT_OFF & _BODEN_OFF & _PWRTE_OFF & _HS_OSC & _WRT_ENABLE_ON & _LVP_OFF & _DEBUG_ON
                             & _CPD_OFF
                      00005 
                      00006                 org 0x00
0000                  00007 RESET:
                      00008     ;GOTO START1
0000   2???           00009     GOTO START2
                      00010     
                      00011                 org 0x10
                      00012 
0010                  00013 START2: 
0010   01C1           00014     CLRF 0X41
0011   01C2           00015     clrf 0X42
0012   01C0           00016     CLRF 0X40
                      00017     
0013   2???           00018     CALL BANK1
Message[302]: Register in operand not in bank 0.  Ensure that bank bits are correct.
0014   0187           00019     CLRF TRISC
                      00020     
0015   2???           00021     CALL BANK0
0016   0187           00022     CLRF PORTC
                      00023     
                      00024     
                      00025     
                      00026     
Warning[207]: Found label after column 1. (ACTION2)
0017                  00027     ACTION2:
                      00028     ;CALL INITDELAY.1400cyc   ;MY DELAY 1400cyc 
                      00029     ;Call INITDELAY           ;CALL delay_2.5KHZ=2000cyc
                      00030     ;CALL  TIMER.I.15KHZ.333CYC
0017   2???           00031     CALL TIMER.E.15KHZFROM1.08MHZ.74CYC
0018   1507           00032     BSF PORTC,RC2
                      00033     ;call INITDELAY           ;CALL delay_2.5KHZ=2000cyc
                      00034     ;CALL INITDELAY.600cyc    ;MY DELAY 600cyc
                      00035     ;CALL delay_2.5KHZ              
                      00036     ;call  TIMER.I.15KHZ.333CYC
0019   2???           00037     CALL TIMER.E.15KHZFROM1.08MHZ.74CYC
001A   1107           00038     BCF PORTC,RC2    
                      00039        
001B   2???           00040     GOTO ACTION2    ;DO LOOP
MPASM 5.70                         RRLED.ASM   11-29-2016  21:40:33         PAGE  2


LOC  OBJECT CODE     LINE SOURCE TEXT
  VALUE

                      00041                 
                      00042     
                      00043                 
001C                  00044 START1:
                      00045    
001C   2???           00046     CALL BANK0
001D   0188           00047     CLRF PORTD
001E   2???           00048     CALL BANK1
Message[302]: Register in operand not in bank 0.  Ensure that bank bits are correct.
001F   0188           00049     CLRF TRISD
0020   2???           00050     CALL BANK0
0021   300B           00051     MOVLW 0X0B
0022   0088           00052     MOVWF PORTD
                      00053     
Warning[207]: Found label after column 1. (RLOOP)
0023                  00054  RLOOP:
0023   2???           00055     CALL INITDELAY
Message[305]: Using default destination of 1 (file).
0024   0C88           00056     RRF PORTD
                      00057  
0025   2???           00058     GOTO RLOOP
                      00059               
                      00060     
                      00061     
                      00062     
Warning[207]: Found label after column 1. (INITDELAY)
0026                  00063     INITDELAY:          ;INIT DELAY 2.5KHZ (2006CYC=23*28*3  WE NEED 2000CYC )
0026   3017           00064     movlw 0X17          ;23=DELAY0 , 28=DELAY ,3 IS THE NUMBER OF CYCLE 
0027   00C0           00065     movwf 0x40          ;IN THE DELAY
                      00066     
Warning[207]: Found label after column 1. (DELAY0)
0028                  00067     DELAY0:
0028   0BC0           00068     DECFSZ 0x40,f
0029   2???           00069     GOTO INITDELAY1
002A   0008           00070     RETURN
                      00071     
Warning[207]: Found label after column 1. (INITDELAY1)
002B                  00072     INITDELAY1:
002B   301C           00073     movlw 0x1C
002C   00C1           00074     movwf 0x41
                      00075     
Warning[207]: Found label after column 1. (DELAY1)
002D                  00076     DELAY1:
002D   0BC1           00077     DECFSZ 0x41,f
002E   2???           00078     GOTO DELAY1
002F   2???           00079     GOTO DELAY0
                      00080     
Warning[207]: Found label after column 1. (INITDELAY.600cyc)
0030                  00081     INITDELAY.600cyc:          ;INIT DELAY 2.5KHZ (600CYC=((14-1)~*14~)*3  WE NEED 2000CYC total )
0030   300D           00082     movlw 0X0d                 ;30% (14-1)=DELAY0 , 14=DELAY ,3 IS THE NUMBER OF CYCLE 
0031   00C0           00083     movwf 0x40                 ;IN THE DELAY
                      00084                                
Warning[207]: Found label after column 1. (DELAY0.600cyc)
MPASM 5.70                         RRLED.ASM   11-29-2016  21:40:33         PAGE  3


LOC  OBJECT CODE     LINE SOURCE TEXT
  VALUE

0032                  00085     DELAY0.600cyc:
0032   0BC0           00086     DECFSZ 0x40,f
0033   2???           00087     GOTO INITDELAY1.600cyc
0034   0008           00088     RETURN
                      00089     
Warning[207]: Found label after column 1. (INITDELAY1.600cyc)
0035                  00090     INITDELAY1.600cyc:
0035   300E           00091     movlw 0x0e
0036   00C1           00092     movwf 0x41
                      00093     
Warning[207]: Found label after column 1. (DELAY1.600cyc)
0037                  00094     DELAY1.600cyc:
0037   0BC1           00095     DECFSZ 0x41,f
0038   2???           00096     GOTO DELAY1.600cyc
0039   2???           00097     GOTO DELAY0.600cyc
                      00098     
                      00099     
Warning[207]: Found label after column 1. (INITDELAY.1400cyc)
003A                  00100     INITDELAY.1400cyc:          ;INIT DELAY 2.5KHZ (1400CYC=21-1*28*3  WE NEED 2000CYC )
003A   3016           00101     movlw 0X16          ;23=DELAY0 , 28=DELAY ,3 IS THE NUMBER OF CYCLE 
003B   00C0           00102     movwf 0x40          ;IN THE DELAY
                      00103     
Warning[207]: Found label after column 1. (DELAY0.1400cyc)
003C                  00104     DELAY0.1400cyc:
003C   0BC0           00105     DECFSZ 0x40,f
003D   2???           00106     GOTO INITDELAY1.1400cyc
003E   0008           00107     RETURN
                      00108     
Warning[207]: Found label after column 1. (INITDELAY1.1400cyc)
003F                  00109     INITDELAY1.1400cyc:
003F   3014           00110     movlw 0x14
0040   00C1           00111     movwf 0x41
                      00112     
Warning[207]: Found label after column 1. (DELAY1.1400cyc)
0041                  00113     DELAY1.1400cyc:
0041   0BC1           00114     DECFSZ 0x41,f
0042   2???           00115     GOTO DELAY1.1400cyc
0043   2???           00116     GOTO DELAY0.1400cyc
                      00117     
                      00118  
Warning[207]: Found label after column 1. (BANK0)
0044                  00119     BANK0:
0044   1283           00120     BCF STATUS,RP0
0045   1303           00121     BCF STATUS,RP1
0046   0008           00122     RETURN
                      00123     
Warning[207]: Found label after column 1. (BANK1)
0047                  00124     BANK1:
0047   1303           00125     BCF STATUS,RP1
0048   1683           00126     BSF STATUS,RP0
0049   0008           00127     RETURN
                      00128     
Warning[207]: Found label after column 1. (BANK2)
MPASM 5.70                         RRLED.ASM   11-29-2016  21:40:33         PAGE  4


LOC  OBJECT CODE     LINE SOURCE TEXT
  VALUE

004A                  00129     BANK2:
004A   1703           00130     BSF STATUS,RP1
004B   1283           00131     BCF STATUS,RP0
004C   0008           00132     RETURN 
                      00133     
Warning[207]: Found label after column 1. (BANK3)
004D                  00134     BANK3:
004D   1703           00135     BSF STATUS,RP1
004E   1683           00136     BSF STATUS,RP0
004F   0008           00137     RETURN
                      00138    
Warning[207]: Found label after column 1. (delay_2.5KHZ)
0050                  00139       delay_2.5KHZ: 
0050   30C8           00140       movlw 0xC8
0051   00D1           00141       movwf 0x51   
Warning[207]: Found label after column 1. (CONT1)
0052                  00142       CONT1: 
0052   3002           00143       movlw 0x02  
0053   00D2           00144       movwf 0x52   
Warning[207]: Found label after column 1. (CONT2)
0054                  00145       CONT2: 
0054   0BD2           00146       decfsz 0x52,F  
0055   2???           00147       goto  CONT2  
0056   0BD1           00148       decfsz 0x51,F   
0057   2???           00149       goto  CONT1  
0058   0008           00150  return 
                      00151     
                      00152  
Warning[207]: Found label after column 1. (TIMER.I.15KHZ.333CYC)
0059                  00153  TIMER.I.15KHZ.333CYC:
0059   110B           00154     bcf INTCON,T0IF
005A   30C3           00155     movlw 0xc3
005B   2???           00156     CALL BANK1
Message[302]: Register in operand not in bank 0.  Ensure that bank bits are correct.
005C   0081           00157     movwf OPTION_REG
005D   2???           00158     CALL BANK0
005E   30EE           00159     movlw 0xEE
005F   0081           00160     movwf TMR0
                      00161     
Warning[207]: Found label after column 1. (LOOP123)
0060                  00162     LOOP123:
0060   1D0B           00163     BTFSS INTCON,T0IF
0061   2???           00164     GOTO LOOP123
0062   0008           00165     RETURN
                      00166     
                      00167     
Warning[207]: Found label after column 1. (TIMER.E.15KHZFROM1.08MHZ.74CYC)
0063                  00168     TIMER.E.15KHZFROM1.08MHZ.74CYC:
0063   110B           00169     bcf INTCON,T0IF
0064   30E2           00170     movlw 0xE2
0065   2???           00171     CALL BANK1
Message[302]: Register in operand not in bank 0.  Ensure that bank bits are correct.
0066   0081           00172     movwf OPTION_REG
MPASM 5.70                         RRLED.ASM   11-29-2016  21:40:33         PAGE  5


LOC  OBJECT CODE     LINE SOURCE TEXT
  VALUE

0067   2???           00173     CALL BANK0
0068   30F7           00174     movlw 0xF7
0069   0081           00175     movwf TMR0
                      00176     
Warning[207]: Found label after column 1. (LOOP1234)
006A                  00177     LOOP1234:
006A   1D0B           00178     BTFSS INTCON,T0IF
006B   2???           00179     GOTO LOOP1234
006C   0008           00180     RETURN
                      00181     
                      00182     
Warning[205]: Found directive in column 1. (END)
373A                  00183 END
MPASM 5.70                         RRLED.ASM   11-29-2016  21:40:33         PAGE  6


SYMBOL TABLE
  LABEL                             VALUE 

ACKDT                             00000005
ACKEN                             00000004
ACKSTAT                           00000006
ACTION2                           00000017
ADCON0                            0000001F
ADCON1                            0000009F
ADCS0                             00000006
ADCS1                             00000007
ADDEN                             00000003
ADFM                              00000007
ADIE                              00000006
ADIF                              00000006
ADON                              00000000
ADRESH                            0000001E
ADRESL                            0000009E
BANK0                             00000044
BANK1                             00000047
BANK2                             0000004A
BANK3                             0000004D
BCLIE                             00000003
BCLIF                             00000003
BF                                00000000
BRGH                              00000002
C                                 00000000
CCP1CON                           00000017
CCP1IE                            00000002
CCP1IF                            00000002
CCP1M0                            00000000
CCP1M1                            00000001
CCP1M2                            00000002
CCP1M3                            00000003
CCP1X                             00000005
CCP1Y                             00000004
CCP2CON                           0000001D
CCP2IE                            00000000
CCP2IF                            00000000
CCP2M0                            00000000
CCP2M1                            00000001
CCP2M2                            00000002
CCP2M3                            00000003
CCP2X                             00000005
CCP2Y                             00000004
CCPR1                             00000015
CCPR1H                            00000016
CCPR1L                            00000015
CCPR2                             0000001B
CCPR2H                            0000001C
CCPR2L                            0000001B
CHS0                              00000003
CHS1                              00000004
CHS2                              00000005
CKE                               00000006
CKP                               00000004
MPASM 5.70                         RRLED.ASM   11-29-2016  21:40:33         PAGE  7


SYMBOL TABLE
  LABEL                             VALUE 

CONT1                             00000052
CONT2                             00000054
CREN                              00000004
CSRC                              00000007
D                                 00000005
DATA_ADDRESS                      00000005
DC                                00000001
DELAY0                            00000028
DELAY0.1400cyc                    0000003C
DELAY0.600cyc                     00000032
DELAY1                            0000002D
DELAY1.1400cyc                    00000041
DELAY1.600cyc                     00000037
D_A                               00000005
D_NOT_A                           00000005
EEADR                             0000010D
EEADRH                            0000010F
EECON1                            0000018C
EECON2                            0000018D
EEDATA                            0000010C
EEDATH                            0000010E
EEIE                              00000004
EEIF                              00000004
EEPGD                             00000007
F                                 00000001
FERR                              00000002
FSR                               00000004
GCEN                              00000007
GIE                               00000007
GO                                00000002
GO_DONE                           00000002
GO_NOT_DONE                       00000002
I2C_DATA                          00000005
I2C_READ                          00000002
I2C_START                         00000003
I2C_STOP                          00000004
IBF                               00000007
IBOV                              00000005
INDF                              00000000
INITDELAY                         00000026
INITDELAY.1400cyc                 0000003A
INITDELAY.600cyc                  00000030
INITDELAY1                        0000002B
INITDELAY1.1400cyc                0000003F
INITDELAY1.600cyc                 00000035
INTCON                            0000000B
INTE                              00000004
INTEDG                            00000006
INTF                              00000001
IRP                               00000007
LOOP123                           00000060
LOOP1234                          0000006A
NOT_A                             00000005
MPASM 5.70                         RRLED.ASM   11-29-2016  21:40:33         PAGE  8


SYMBOL TABLE
  LABEL                             VALUE 

NOT_ADDRESS                       00000005
NOT_BO                            00000000
NOT_BOR                           00000000
NOT_DONE                          00000002
NOT_PD                            00000003
NOT_POR                           00000001
NOT_RBPU                          00000007
NOT_RC8                           00000006
NOT_T1SYNC                        00000002
NOT_TO                            00000004
NOT_TX8                           00000006
NOT_W                             00000002
NOT_WRITE                         00000002
OBF                               00000006
OERR                              00000001
OPTION_REG                        00000081
P                                 00000004
PCFG0                             00000000
PCFG1                             00000001
PCFG2                             00000002
PCFG3                             00000003
PCL                               00000002
PCLATH                            0000000A
PCON                              0000008E
PEIE                              00000006
PEN                               00000002
PIE1                              0000008C
PIE2                              0000008D
PIR1                              0000000C
PIR2                              0000000D
PORTA                             00000005
PORTB                             00000006
PORTC                             00000007
PORTD                             00000008
PORTE                             00000009
PR2                               00000092
PS0                               00000000
PS1                               00000001
PS2                               00000002
PSA                               00000003
PSPIE                             00000007
PSPIF                             00000007
PSPMODE                           00000004
R                                 00000002
RA0                               00000000
RA1                               00000001
RA2                               00000002
RA3                               00000003
RA4                               00000004
RA5                               00000005
RB0                               00000000
RB1                               00000001
RB2                               00000002
MPASM 5.70                         RRLED.ASM   11-29-2016  21:40:33         PAGE  9


SYMBOL TABLE
  LABEL                             VALUE 

RB3                               00000003
RB4                               00000004
RB5                               00000005
RB6                               00000006
RB7                               00000007
RBIE                              00000003
RBIF                              00000000
RC0                               00000000
RC1                               00000001
RC2                               00000002
RC3                               00000003
RC4                               00000004
RC5                               00000005
RC6                               00000006
RC7                               00000007
RC8_9                             00000006
RC9                               00000006
RCD8                              00000000
RCEN                              00000003
RCIE                              00000005
RCIF                              00000005
RCREG                             0000001A
RCSTA                             00000018
RD                                00000000
RD0                               00000000
RD1                               00000001
RD2                               00000002
RD3                               00000003
RD4                               00000004
RD5                               00000005
RD6                               00000006
RD7                               00000007
RE0                               00000000
RE1                               00000001
RE2                               00000002
READ_WRITE                        00000002
RESET                             00000000
RLOOP                             00000023
RP0                               00000005
RP1                               00000006
RSEN                              00000001
RX9                               00000006
RX9D                              00000000
R_NOT_W                           00000002
R_W                               00000002
S                                 00000003
SEN                               00000000
SMP                               00000007
SPBRG                             00000099
SPEN                              00000007
SREN                              00000005
SSPADD                            00000093
SSPBUF                            00000013
MPASM 5.70                         RRLED.ASM   11-29-2016  21:40:33         PAGE 10


SYMBOL TABLE
  LABEL                             VALUE 

SSPCON                            00000014
SSPCON2                           00000091
SSPEN                             00000005
SSPIE                             00000003
SSPIF                             00000003
SSPM0                             00000000
SSPM1                             00000001
SSPM2                             00000002
SSPM3                             00000003
SSPOV                             00000006
SSPSTAT                           00000094
START1                            0000001C
START2                            00000010
STATUS                            00000003
SYNC                              00000004
T0CS                              00000005
T0IE                              00000005
T0IF                              00000002
T0SE                              00000004
T1CKPS0                           00000004
T1CKPS1                           00000005
T1CON                             00000010
T1INSYNC                          00000002
T1OSCEN                           00000003
T1SYNC                            00000002
T2CKPS0                           00000000
T2CKPS1                           00000001
T2CON                             00000012
TIMER.E.15KHZFROM1.08MHZ.74CYC    00000063
TIMER.I.15KHZ.333CYC              00000059
TMR0                              00000001
TMR0IE                            00000005
TMR0IF                            00000002
TMR1                              0000000E
TMR1CS                            00000001
TMR1H                             0000000F
TMR1IE                            00000000
TMR1IF                            00000000
TMR1L                             0000000E
TMR1ON                            00000000
TMR2                              00000011
TMR2IE                            00000001
TMR2IF                            00000001
TMR2ON                            00000002
TOUTPS0                           00000003
TOUTPS1                           00000004
TOUTPS2                           00000005
TOUTPS3                           00000006
TRISA                             00000085
TRISA0                            00000000
TRISA1                            00000001
TRISA2                            00000002
TRISA3                            00000003
MPASM 5.70                         RRLED.ASM   11-29-2016  21:40:33         PAGE 11


SYMBOL TABLE
  LABEL                             VALUE 

TRISA4                            00000004
TRISA5                            00000005
TRISB                             00000086
TRISB0                            00000000
TRISB1                            00000001
TRISB2                            00000002
TRISB3                            00000003
TRISB4                            00000004
TRISB5                            00000005
TRISB6                            00000006
TRISB7                            00000007
TRISC                             00000087
TRISC0                            00000000
TRISC1                            00000001
TRISC2                            00000002
TRISC3                            00000003
TRISC4                            00000004
TRISC5                            00000005
TRISC6                            00000006
TRISC7                            00000007
TRISD                             00000088
TRISD0                            00000000
TRISD1                            00000001
TRISD2                            00000002
TRISD3                            00000003
TRISD4                            00000004
TRISD5                            00000005
TRISD6                            00000006
TRISD7                            00000007
TRISE                             00000089
TRISE0                            00000000
TRISE1                            00000001
TRISE2                            00000002
TRMT                              00000001
TX8_9                             00000006
TX9                               00000006
TX9D                              00000000
TXD8                              00000000
TXEN                              00000005
TXIE                              00000004
TXIF                              00000004
TXREG                             00000019
TXSTA                             00000098
UA                                00000001
W                                 00000000
WCOL                              00000007
WR                                00000001
WREN                              00000002
WRERR                             00000003
Z                                 00000002
_BODEN_OFF                        00003FBF
_BODEN_ON                         00003FFF
_BOREN_OFF                        00003FBF
MPASM 5.70                         RRLED.ASM   11-29-2016  21:40:33         PAGE 12


SYMBOL TABLE
  LABEL                             VALUE 

_BOREN_ON                         00003FFF
_CONFIG                           00002007
_CPD_OFF                          00003FFF
_CPD_ON                           00003EFF
_CP_ALL                           00000FCF
_CP_HALF                          00001FDF
_CP_OFF                           00003FFF
_CP_UPPER_256                     00002FEF
_DEBUG_OFF                        00003FFF
_DEBUG_ON                         000037FF
_DEVID1                           00002006
_FOSC_EXTRC                       00003FFF
_FOSC_HS                          00003FFE
_FOSC_LP                          00003FFC
_FOSC_XT                          00003FFD
_HS_OSC                           00003FFE
_IDLOC0                           00002000
_IDLOC1                           00002001
_IDLOC2                           00002002
_IDLOC3                           00002003
_LP_OSC                           00003FFC
_LVP_OFF                          00003F7F
_LVP_ON                           00003FFF
_PWRTE_OFF                        00003FFF
_PWRTE_ON                         00003FF7
_RC_OSC                           00003FFF
_WDTE_OFF                         00003FFB
_WDTE_ON                          00003FFF
_WDT_OFF                          00003FFB
_WDT_ON                           00003FFF
_WRT_ENABLE_OFF                   00003DFF
_WRT_ENABLE_ON                    00003FFF
_WRT_OFF                          00003DFF
_WRT_ON                           00003FFF
_XT_OSC                           00003FFD
__16F877                          00000001
delay_2.5KHZ                      00000050

Errors   :     0
Warnings :    26 reported,     0 suppressed
Messages :     5 reported,     0 suppressed

